Flow report for jatin_patel_vhdl4
Thu Apr 13 11:22:11 2023
Quartus Prime Version 15.1.0 Build 185 10/21/2015 SJ Standard Edition


---------------------
; Table of Contents ;
---------------------
  1. Legal Notice
  2. Flow Summary
  3. Flow Settings
  4. Flow Non-Default Global Settings
  5. Flow Elapsed Time
  6. Flow OS Summary
  7. Flow Log
  8. Flow Messages
  9. Flow Suppressed Messages



----------------
; Legal Notice ;
----------------
Copyright (C) 1991-2015 Altera Corporation. All rights reserved.
Your use of Altera Corporation's design tools, logic functions 
and other software and tools, and its AMPP partner logic 
functions, and any output files from any of the foregoing 
(including device programming or simulation files), and any 
associated documentation or information are expressly subject 
to the terms and conditions of the Altera Program License 
Subscription Agreement, the Altera Quartus Prime License Agreement,
the Altera MegaCore Function License Agreement, or other 
applicable license agreement, including, without limitation, 
that your use is for the sole purpose of programming logic 
devices manufactured by Altera and sold by Altera or its 
authorized distributors.  Please refer to the applicable 
agreement for further details.



+-----------------------------------------------------------------------------------+
; Flow Summary                                                                      ;
+---------------------------------+-------------------------------------------------+
; Flow Status                     ; Successful - Thu Apr 13 11:22:11 2023           ;
; Quartus Prime Version           ; 15.1.0 Build 185 10/21/2015 SJ Standard Edition ;
; Revision Name                   ; jatin_patel_vhdl4                               ;
; Top-level Entity Name           ; jatin_patel_wrapper2                            ;
; Family                          ; Cyclone V                                       ;
; Device                          ; 5CSEMA5F31C6                                    ;
; Timing Models                   ; Final                                           ;
; Logic utilization (in ALMs)     ; 56 / 32,070 ( < 1 % )                           ;
; Total registers                 ; 70                                              ;
; Total pins                      ; 16 / 457 ( 4 % )                                ;
; Total virtual pins              ; 0                                               ;
; Total block memory bits         ; 0 / 4,065,280 ( 0 % )                           ;
; Total DSP Blocks                ; 0 / 87 ( 0 % )                                  ;
; Total HSSI RX PCSs              ; 0                                               ;
; Total HSSI PMA RX Deserializers ; 0                                               ;
; Total HSSI TX PCSs              ; 0                                               ;
; Total HSSI PMA TX Serializers   ; 0                                               ;
; Total PLLs                      ; 0 / 6 ( 0 % )                                   ;
; Total DLLs                      ; 0 / 4 ( 0 % )                                   ;
+---------------------------------+-------------------------------------------------+


+-----------------------------------------+
; Flow Settings                           ;
+-------------------+---------------------+
; Option            ; Setting             ;
+-------------------+---------------------+
; Start date & time ; 04/13/2023 11:19:50 ;
; Main task         ; Compilation         ;
; Revision Name     ; jatin_patel_vhdl4   ;
+-------------------+---------------------+


+-----------------------------------------------------------------------------------------------------------------------------------------------------------------------------------+
; Flow Non-Default Global Settings                                                                                                                                                  ;
+--------------------------------------+-------------------------------------------------------+-------------------+----------------------+-----------------------------------------+
; Assignment Name                      ; Value                                                 ; Default Value     ; Entity Name          ; Section Id                              ;
+--------------------------------------+-------------------------------------------------------+-------------------+----------------------+-----------------------------------------+
; COMPILER_SIGNATURE_ID                ; 123926586545447.168139919001812                       ; --                ; --                   ; --                                      ;
; EDA_DESIGN_INSTANCE_NAME             ; NA                                                    ; --                ; --                   ; jatin_patel_wrapper_VHDL6_testbench     ;
; EDA_DESIGN_INSTANCE_NAME             ; NA                                                    ; --                ; --                   ; jatin_patel_sequence_detector_testbench ;
; EDA_DESIGN_INSTANCE_NAME             ; NA                                                    ; --                ; --                   ; jatin_patel_FSM_testbench               ;
; EDA_DESIGN_INSTANCE_NAME             ; NA                                                    ; --                ; --                   ; jatin_patel_counter_testbench           ;
; EDA_DESIGN_INSTANCE_NAME             ; NA                                                    ; --                ; --                   ; jatin_patel_clock_divider_testbench     ;
; EDA_DESIGN_INSTANCE_NAME             ; NA                                                    ; --                ; --                   ; jatin_patel_jkff_testbench              ;
; EDA_DESIGN_INSTANCE_NAME             ; NA                                                    ; --                ; --                   ; jatin_patel_comparator_test             ;
; EDA_NATIVELINK_SIMULATION_TEST_BENCH ; jatin_patel_sequence_detector_testbench               ; --                ; --                   ; eda_simulation                          ;
; EDA_OUTPUT_DATA_FORMAT               ; Vhdl                                                  ; --                ; --                   ; eda_simulation                          ;
; EDA_SIMULATION_TOOL                  ; ModelSim-Altera (VHDL)                                ; <None>            ; --                   ; --                                      ;
; EDA_TEST_BENCH_ENABLE_STATUS         ; TEST_BENCH_MODE                                       ; --                ; --                   ; eda_simulation                          ;
; EDA_TEST_BENCH_FILE                  ; simulation/modelsim/jatin_patel_wrapper_VHDL6.vht     ; --                ; --                   ; jatin_patel_wrapper_VHDL6_testbench     ;
; EDA_TEST_BENCH_FILE                  ; simulation/modelsim/jatin_patel_sequence_detector.vht ; --                ; --                   ; jatin_patel_sequence_detector_testbench ;
; EDA_TEST_BENCH_FILE                  ; simulation/modelsim/jatin_patel_FSM.vht               ; --                ; --                   ; jatin_patel_FSM_testbench               ;
; EDA_TEST_BENCH_FILE                  ; simulation/modelsim/jatin_patel_counter.vht           ; --                ; --                   ; jatin_patel_counter_testbench           ;
; EDA_TEST_BENCH_FILE                  ; simulation/modelsim/jatin_patel_clock_divider.vht     ; --                ; --                   ; jatin_patel_clock_divider_testbench     ;
; EDA_TEST_BENCH_FILE                  ; simulation/modelsim/jatin_patel_jkff.vht              ; --                ; --                   ; jatin_patel_jkff_testbench              ;
; EDA_TEST_BENCH_FILE                  ; simulation/modelsim/jatin_patel_comparator.vht        ; --                ; --                   ; jatin_patel_comparator_test             ;
; EDA_TEST_BENCH_MODULE_NAME           ; jatin_patel_wrapper_VHDL6_testbench                   ; --                ; --                   ; jatin_patel_wrapper_VHDL6_testbench     ;
; EDA_TEST_BENCH_MODULE_NAME           ; jatin_patel_sequence_detector_testbench               ; --                ; --                   ; jatin_patel_sequence_detector_testbench ;
; EDA_TEST_BENCH_MODULE_NAME           ; jatin_patel_FSM_testbench                             ; --                ; --                   ; jatin_patel_FSM_testbench               ;
; EDA_TEST_BENCH_MODULE_NAME           ; jatin_patel_counter_testbench                         ; --                ; --                   ; jatin_patel_counter_testbench           ;
; EDA_TEST_BENCH_MODULE_NAME           ; jatin_patel_clock_divider_testbench                   ; --                ; --                   ; jatin_patel_clock_divider_testbench     ;
; EDA_TEST_BENCH_MODULE_NAME           ; jatin_patel_jkff_testbench                            ; --                ; --                   ; jatin_patel_jkff_testbench              ;
; EDA_TEST_BENCH_MODULE_NAME           ; jatin_patel_comparator_test                           ; --                ; --                   ; jatin_patel_comparator_test             ;
; EDA_TEST_BENCH_NAME                  ; jatin_patel_comparator_test                           ; --                ; --                   ; eda_simulation                          ;
; EDA_TEST_BENCH_NAME                  ; jatin_patel_jkff_testbench                            ; --                ; --                   ; eda_simulation                          ;
; EDA_TEST_BENCH_NAME                  ; jatin_patel_counter_testbench                         ; --                ; --                   ; eda_simulation                          ;
; EDA_TEST_BENCH_NAME                  ; jatin_patel_clock_divider_testbench                   ; --                ; --                   ; eda_simulation                          ;
; EDA_TEST_BENCH_NAME                  ; jatin_patel_wrapper_VHDL6_testbench                   ; --                ; --                   ; eda_simulation                          ;
; EDA_TEST_BENCH_NAME                  ; jatin_patel_FSM_testbench                             ; --                ; --                   ; eda_simulation                          ;
; EDA_TEST_BENCH_NAME                  ; jatin_patel_sequence_detector_testbench               ; --                ; --                   ; eda_simulation                          ;
; MAX_CORE_JUNCTION_TEMP               ; 85                                                    ; --                ; --                   ; --                                      ;
; MIN_CORE_JUNCTION_TEMP               ; 0                                                     ; --                ; --                   ; --                                      ;
; PARTITION_COLOR                      ; 16764057                                              ; --                ; jatin_patel_wrapper2 ; Top                                     ;
; PARTITION_FITTER_PRESERVATION_LEVEL  ; PLACEMENT_AND_ROUTING                                 ; --                ; jatin_patel_wrapper2 ; Top                                     ;
; PARTITION_NETLIST_TYPE               ; SOURCE                                                ; --                ; jatin_patel_wrapper2 ; Top                                     ;
; POWER_BOARD_THERMAL_MODEL            ; None (CONSERVATIVE)                                   ; --                ; --                   ; --                                      ;
; POWER_PRESET_COOLING_SOLUTION        ; 23 MM HEAT SINK WITH 200 LFPM AIRFLOW                 ; --                ; --                   ; --                                      ;
; PROJECT_OUTPUT_DIRECTORY             ; output_files                                          ; --                ; --                   ; --                                      ;
; TOP_LEVEL_ENTITY                     ; jatin_patel_wrapper2                                  ; jatin_patel_vhdl4 ; --                   ; --                                      ;
+--------------------------------------+-------------------------------------------------------+-------------------+----------------------+-----------------------------------------+


+-------------------------------------------------------------------------------------------------------------------------------+
; Flow Elapsed Time                                                                                                             ;
+---------------------------+--------------+-------------------------+---------------------+------------------------------------+
; Module Name               ; Elapsed Time ; Average Processors Used ; Peak Virtual Memory ; Total CPU Time (on all processors) ;
+---------------------------+--------------+-------------------------+---------------------+------------------------------------+
; Analysis & Synthesis      ; 00:00:25     ; 1.0                     ; 5089 MB             ; 00:00:17                           ;
; Fitter                    ; 00:00:46     ; 1.0                     ; 7228 MB             ; 00:01:26                           ;
; Assembler                 ; 00:00:26     ; 1.0                     ; 5022 MB             ; 00:00:07                           ;
; TimeQuest Timing Analyzer ; 00:00:23     ; 1.0                     ; 5381 MB             ; 00:00:04                           ;
; EDA Netlist Writer        ; 00:00:17     ; 1.0                     ; 4923 MB             ; 00:00:01                           ;
; Total                     ; 00:02:17     ; --                      ; --                  ; 00:01:55                           ;
+---------------------------+--------------+-------------------------+---------------------+------------------------------------+


+----------------------------------------------------------------------------------------+
; Flow OS Summary                                                                        ;
+---------------------------+------------------+-----------+------------+----------------+
; Module Name               ; Machine Hostname ; OS Name   ; OS Version ; Processor type ;
+---------------------------+------------------+-----------+------------+----------------+
; Analysis & Synthesis      ; 156TR4060-09     ; Windows 8 ; 6.2        ; x86_64         ;
; Fitter                    ; 156TR4060-09     ; Windows 8 ; 6.2        ; x86_64         ;
; Assembler                 ; 156TR4060-09     ; Windows 8 ; 6.2        ; x86_64         ;
; TimeQuest Timing Analyzer ; 156TR4060-09     ; Windows 8 ; 6.2        ; x86_64         ;
; EDA Netlist Writer        ; 156TR4060-09     ; Windows 8 ; 6.2        ; x86_64         ;
+---------------------------+------------------+-----------+------------+----------------+


------------
; Flow Log ;
------------
quartus_map --read_settings_files=on --write_settings_files=off jatin_patel_vhdl4 -c jatin_patel_vhdl4
quartus_fit --read_settings_files=off --write_settings_files=off jatin_patel_vhdl4 -c jatin_patel_vhdl4
quartus_asm --read_settings_files=off --write_settings_files=off jatin_patel_vhdl4 -c jatin_patel_vhdl4
quartus_sta jatin_patel_vhdl4 -c jatin_patel_vhdl4
quartus_eda --read_settings_files=off --write_settings_files=off jatin_patel_vhdl4 -c jatin_patel_vhdl4



