Analysis & Synthesis report for vhdl4
Thu Apr 13 11:20:00 2023
Quartus Prime Version 15.1.0 Build 185 10/21/2015 SJ Standard Edition


---------------------
; Table of Contents ;
---------------------
  1. Legal Notice
  2. Analysis & Synthesis Summary
  3. Analysis & Synthesis Settings
  4. Parallel Compilation
  5. Analysis & Synthesis Source Files Read
  6. Analysis & Synthesis Resource Usage Summary
  7. Analysis & Synthesis Resource Utilization by Entity
  8. State Machine - |wrapper2|sequence_detector:sequence_detector|FSM:fsm|position2
  9. State Machine - |wrapper2|sequence_detector:sequence_detector|FSM:fsm|position1
 10. Registers Removed During Synthesis
 11. General Register Statistics
 12. Inverted Register Statistics
 13. Port Connectivity Checks: "seven_segment_decoder:HEX5_seven_segment"
 14. Port Connectivity Checks: "seven_segment_decoder:HEX0_seven_segment"
 15. Port Connectivity Checks: "sequence_detector:sequence_detector"
 16. Port Connectivity Checks: "clock_divider:clock_divider"
 17. Post-Synthesis Netlist Statistics for Top Partition
 18. Elapsed Time Per Partition
 19. Analysis & Synthesis Messages



----------------
; Legal Notice ;
----------------
Copyright (C) 1991-2015 Altera Corporation. All rights reserved.
Your use of Altera Corporation's design tools, logic functions 
and other software and tools, and its AMPP partner logic 
functions, and any output files from any of the foregoing 
(including device programming or simulation files), and any 
associated documentation or information are expressly subject 
to the terms and conditions of the Altera Program License 
Subscription Agreement, the Altera Quartus Prime License Agreement,
the Altera MegaCore Function License Agreement, or other 
applicable license agreement, including, without limitation, 
that your use is for the sole purpose of programming logic 
devices manufactured by Altera and sold by Altera or its 
authorized distributors.  Please refer to the applicable 
agreement for further details.



+-----------------------------------------------------------------------------------+
; Analysis & Synthesis Summary                                                      ;
+---------------------------------+-------------------------------------------------+
; Analysis & Synthesis Status     ; Successful - Thu Apr 13 11:20:00 2023           ;
; Quartus Prime Version           ; 15.1.0 Build 185 10/21/2015 SJ Standard Edition ;
; Revision Name                   ; vhdl4                               ;
; Top-level Entity Name           ; wrapper2                            ;
; Family                          ; Cyclone V                                       ;
; Logic utilization (in ALMs)     ; N/A                                             ;
; Total registers                 ; 58                                              ;
; Total pins                      ; 16                                              ;
; Total virtual pins              ; 0                                               ;
; Total block memory bits         ; 0                                               ;
; Total DSP Blocks                ; 0                                               ;
; Total HSSI RX PCSs              ; 0                                               ;
; Total HSSI PMA RX Deserializers ; 0                                               ;
; Total HSSI TX PCSs              ; 0                                               ;
; Total HSSI PMA TX Serializers   ; 0                                               ;
; Total PLLs                      ; 0                                               ;
; Total DLLs                      ; 0                                               ;
+---------------------------------+-------------------------------------------------+


+-----------------------------------------------------------------------------------------------------------------------------+
; Analysis & Synthesis Settings                                                                                               ;
+---------------------------------------------------------------------------------+----------------------+--------------------+
; Option                                                                          ; Setting              ; Default Value      ;
+---------------------------------------------------------------------------------+----------------------+--------------------+
; Device                                                                          ; 5CSEMA5F31C6         ;                    ;
; Top-level entity name                                                           ; wrapper2 ; vhdl4  ;
; Family name                                                                     ; Cyclone V            ; Cyclone V          ;
; Use smart compilation                                                           ; Off                  ; Off                ;
; Enable parallel Assembler and TimeQuest Timing Analyzer during compilation      ; On                   ; On                 ;
; Enable compact report table                                                     ; Off                  ; Off                ;
; Restructure Multiplexers                                                        ; Auto                 ; Auto               ;
; MLAB Add Timing Constraints For Mixed-Port Feed-Through Mode Setting Don't Care ; Off                  ; Off                ;
; Create Debugging Nodes for IP Cores                                             ; Off                  ; Off                ;
; Preserve fewer node names                                                       ; On                   ; On                 ;
; Disable OpenCore Plus hardware evaluation                                       ; Off                  ; Off                ;
; Verilog Version                                                                 ; Verilog_2001         ; Verilog_2001       ;
; VHDL Version                                                                    ; VHDL_1993            ; VHDL_1993          ;
; State Machine Processing                                                        ; Auto                 ; Auto               ;
; Safe State Machine                                                              ; Off                  ; Off                ;
; Extract Verilog State Machines                                                  ; On                   ; On                 ;
; Extract VHDL State Machines                                                     ; On                   ; On                 ;
; Ignore Verilog initial constructs                                               ; Off                  ; Off                ;
; Iteration limit for constant Verilog loops                                      ; 5000                 ; 5000               ;
; Iteration limit for non-constant Verilog loops                                  ; 250                  ; 250                ;
; Add Pass-Through Logic to Inferred RAMs                                         ; On                   ; On                 ;
; Infer RAMs from Raw Logic                                                       ; On                   ; On                 ;
; Parallel Synthesis                                                              ; On                   ; On                 ;
; DSP Block Balancing                                                             ; Auto                 ; Auto               ;
; NOT Gate Push-Back                                                              ; On                   ; On                 ;
; Power-Up Don't Care                                                             ; On                   ; On                 ;
; Remove Redundant Logic Cells                                                    ; Off                  ; Off                ;
; Remove Duplicate Registers                                                      ; On                   ; On                 ;
; Ignore CARRY Buffers                                                            ; Off                  ; Off                ;
; Ignore CASCADE Buffers                                                          ; Off                  ; Off                ;
; Ignore GLOBAL Buffers                                                           ; Off                  ; Off                ;
; Ignore ROW GLOBAL Buffers                                                       ; Off                  ; Off                ;
; Ignore LCELL Buffers                                                            ; Off                  ; Off                ;
; Ignore SOFT Buffers                                                             ; On                   ; On                 ;
; Limit AHDL Integers to 32 Bits                                                  ; Off                  ; Off                ;
; Optimization Technique                                                          ; Balanced             ; Balanced           ;
; Carry Chain Length                                                              ; 70                   ; 70                 ;
; Auto Carry Chains                                                               ; On                   ; On                 ;
; Auto Open-Drain Pins                                                            ; On                   ; On                 ;
; Perform WYSIWYG Primitive Resynthesis                                           ; Off                  ; Off                ;
; Auto ROM Replacement                                                            ; On                   ; On                 ;
; Auto RAM Replacement                                                            ; On                   ; On                 ;
; Auto DSP Block Replacement                                                      ; On                   ; On                 ;
; Auto Shift Register Replacement                                                 ; Auto                 ; Auto               ;
; Allow Shift Register Merging across Hierarchies                                 ; Auto                 ; Auto               ;
; Auto Clock Enable Replacement                                                   ; On                   ; On                 ;
; Strict RAM Replacement                                                          ; Off                  ; Off                ;
; Allow Synchronous Control Signals                                               ; On                   ; On                 ;
; Force Use of Synchronous Clear Signals                                          ; Off                  ; Off                ;
; Auto Resource Sharing                                                           ; Off                  ; Off                ;
; Allow Any RAM Size For Recognition                                              ; Off                  ; Off                ;
; Allow Any ROM Size For Recognition                                              ; Off                  ; Off                ;
; Allow Any Shift Register Size For Recognition                                   ; Off                  ; Off                ;
; Use LogicLock Constraints during Resource Balancing                             ; On                   ; On                 ;
; Ignore translate_off and synthesis_off directives                               ; Off                  ; Off                ;
; Timing-Driven Synthesis                                                         ; On                   ; On                 ;
; Report Parameter Settings                                                       ; On                   ; On                 ;
; Report Source Assignments                                                       ; On                   ; On                 ;
; Report Connectivity Checks                                                      ; On                   ; On                 ;
; Ignore Maximum Fan-Out Assignments                                              ; Off                  ; Off                ;
; Synchronization Register Chain Length                                           ; 3                    ; 3                  ;
; PowerPlay Power Optimization During Synthesis                                   ; Normal compilation   ; Normal compilation ;
; HDL message level                                                               ; Level2               ; Level2             ;
; Suppress Register Optimization Related Messages                                 ; Off                  ; Off                ;
; Number of Removed Registers Reported in Synthesis Report                        ; 5000                 ; 5000               ;
; Number of Swept Nodes Reported in Synthesis Report                              ; 5000                 ; 5000               ;
; Number of Inverted Registers Reported in Synthesis Report                       ; 100                  ; 100                ;
; Clock MUX Protection                                                            ; On                   ; On                 ;
; Auto Gated Clock Conversion                                                     ; Off                  ; Off                ;
; Block Design Naming                                                             ; Auto                 ; Auto               ;
; SDC constraint protection                                                       ; Off                  ; Off                ;
; Synthesis Effort                                                                ; Auto                 ; Auto               ;
; Shift Register Replacement - Allow Asynchronous Clear Signal                    ; On                   ; On                 ;
; Pre-Mapping Resynthesis Optimization                                            ; Off                  ; Off                ;
; Analysis & Synthesis Message Level                                              ; Medium               ; Medium             ;
; Disable Register Merging Across Hierarchies                                     ; Auto                 ; Auto               ;
; Resource Aware Inference For Block RAM                                          ; On                   ; On                 ;
; Synthesis Seed                                                                  ; 1                    ; 1                  ;
; Automatic Parallel Synthesis                                                    ; On                   ; On                 ;
; Partial Reconfiguration Bitstream ID                                            ; Off                  ; Off                ;
+---------------------------------------------------------------------------------+----------------------+--------------------+


+------------------------------------------+
; Parallel Compilation                     ;
+----------------------------+-------------+
; Processors                 ; Number      ;
+----------------------------+-------------+
; Number detected on machine ; 8           ;
; Maximum allowed            ; 8           ;
;                            ;             ;
; Average used               ; 1.00        ;
; Maximum used               ; 8           ;
;                            ;             ;
; Usage by Processor         ; % Time Used ;
;     Processor 1            ; 100.0%      ;
;     Processors 2-8         ; < 0.1%      ;
+----------------------------+-------------+


+------------------------------------------------------------------------------------------------------------------------------+
; Analysis & Synthesis Source Files Read                                                                                       ;
+-----------------------------------+-----------------+-----------------+--------------------------------------------+---------+
; File Name with User-Entered Path  ; Used in Netlist ; File Type       ; File Name with Absolute Path               ; Library ;
+-----------------------------------+-----------------+-----------------+--------------------------------------------+---------+
; seven_segment_decoder.vhd         ; yes             ; User VHDL File  ; P:/vhdl4/seven_segment_decoder.vhd         ;         ;
; counter.vhd           ; yes             ; User VHDL File  ; P:/vhdl4/counter.vhd           ;         ;
; clock_divider.vhd     ; yes             ; User VHDL File  ; P:/vhdl4/clock_divider.vhd     ;         ;
; FSM.vhd               ; yes             ; User VHDL File  ; P:/vhdl4/FSM.vhd               ;         ;
; sequence_detector.vhd ; yes             ; User VHDL File  ; P:/vhdl4/sequence_detector.vhd ;         ;
; ROM.vhd                           ; yes             ; User VHDL File  ; P:/vhdl4/ROM.vhd                           ;         ;
; wrapper2.vhd          ; yes             ; User VHDL File  ; P:/vhdl4/wrapper2.vhd          ;         ;
+-----------------------------------+-----------------+-----------------+--------------------------------------------+---------+


+-----------------------------------------------------------+
; Analysis & Synthesis Resource Usage Summary               ;
+---------------------------------------------+-------------+
; Resource                                    ; Usage       ;
+---------------------------------------------+-------------+
; Estimate of Logic utilization (ALMs needed) ; 56          ;
;                                             ;             ;
; Combinational ALUT usage for logic          ; 100         ;
;     -- 7 input functions                    ; 0           ;
;     -- 6 input functions                    ; 11          ;
;     -- 5 input functions                    ; 0           ;
;     -- 4 input functions                    ; 3           ;
;     -- <=3 input functions                  ; 86          ;
;                                             ;             ;
; Dedicated logic registers                   ; 58          ;
;                                             ;             ;
; I/O pins                                    ; 16          ;
;                                             ;             ;
; Total DSP Blocks                            ; 0           ;
;                                             ;             ;
; Maximum fan-out node                        ; reset~input ;
; Maximum fan-out                             ; 58          ;
; Total fan-out                               ; 468         ;
; Average fan-out                             ; 2.46        ;
+---------------------------------------------+-------------+


+-----------------------------------------------------------------------------------------------------------------------------------------------------------------------------------------------------------------------------------------------------------------------------+
; Analysis & Synthesis Resource Utilization by Entity                                                                                                                                                                                                                         ;
+------------------------------------------------------+-------------------+--------------+-------------------+------------+------+--------------+-------------------------------------------------------------------------------------------------------------+--------------+
; Compilation Hierarchy Node                           ; LC Combinationals ; LC Registers ; Block Memory Bits ; DSP Blocks ; Pins ; Virtual Pins ; Full Hierarchy Name                                                                                         ; Library Name ;
+------------------------------------------------------+-------------------+--------------+-------------------+------------+------+--------------+-------------------------------------------------------------------------------------------------------------+--------------+
; |wrapper2                                ; 100 (0)           ; 58 (0)       ; 0                 ; 0          ; 16   ; 0            ; |wrapper2                                                                                       ; work         ;
;    |ROM:rom_component|                               ; 13 (13)           ; 8 (8)        ; 0                 ; 0          ; 0    ; 0            ; |wrapper2|ROM:rom_component                                                                     ; work         ;
;    |clock_divider:clock_divider|         ; 57 (57)           ; 33 (33)      ; 0                 ; 0          ; 0    ; 0            ; |wrapper2|clock_divider:clock_divider                                               ; work         ;
;    |sequence_detector:sequence_detector| ; 14 (0)            ; 17 (0)       ; 0                 ; 0          ; 0    ; 0            ; |wrapper2|sequence_detector:sequence_detector                                       ; work         ;
;       |FSM:fsm|                          ; 10 (10)           ; 11 (11)      ; 0                 ; 0          ; 0    ; 0            ; |wrapper2|sequence_detector:sequence_detector|FSM:fsm                   ; work         ;
;       |counter:sequence_counter1|        ; 2 (2)             ; 3 (3)        ; 0                 ; 0          ; 0    ; 0            ; |wrapper2|sequence_detector:sequence_detector|counter:sequence_counter1 ; work         ;
;       |counter:sequence_counter2|        ; 2 (2)             ; 3 (3)        ; 0                 ; 0          ; 0    ; 0            ; |wrapper2|sequence_detector:sequence_detector|counter:sequence_counter2 ; work         ;
;    |seven_segment_decoder:HEX0_seven_segment|        ; 8 (8)             ; 0 (0)        ; 0                 ; 0          ; 0    ; 0            ; |wrapper2|seven_segment_decoder:HEX0_seven_segment                                              ; work         ;
;    |seven_segment_decoder:HEX5_seven_segment|        ; 8 (8)             ; 0 (0)        ; 0                 ; 0          ; 0    ; 0            ; |wrapper2|seven_segment_decoder:HEX5_seven_segment                                              ; work         ;
+------------------------------------------------------+-------------------+--------------+-------------------+------------+------+--------------+-------------------------------------------------------------------------------------------------------------+--------------+
Note: For table entries with two numbers listed, the numbers in parentheses indicate the number of resources of the given type used by the specific entity alone. The numbers listed outside of parentheses indicate the total resources of the given type used by the specific entity and all of its sub-entities in the hierarchy.


Encoding Type:  One-Hot
+---------------------------------------------------------------------------------------------------------------------+
; State Machine - |wrapper2|sequence_detector:sequence_detector|FSM:fsm|position2 ;
+--------------+--------------+--------------+--------------+--------------+------------------------------------------+
; Name         ; position2.E2 ; position2.D2 ; position2.C2 ; position2.B2 ; position2.A2                             ;
+--------------+--------------+--------------+--------------+--------------+------------------------------------------+
; position2.A2 ; 0            ; 0            ; 0            ; 0            ; 0                                        ;
; position2.B2 ; 0            ; 0            ; 0            ; 1            ; 1                                        ;
; position2.C2 ; 0            ; 0            ; 1            ; 0            ; 1                                        ;
; position2.D2 ; 0            ; 1            ; 0            ; 0            ; 1                                        ;
; position2.E2 ; 1            ; 0            ; 0            ; 0            ; 1                                        ;
+--------------+--------------+--------------+--------------+--------------+------------------------------------------+


Encoding Type:  One-Hot
+---------------------------------------------------------------------------------------------------------------------+
; State Machine - |wrapper2|sequence_detector:sequence_detector|FSM:fsm|position1 ;
+--------------+--------------+--------------+--------------+--------------+------------------------------------------+
; Name         ; position1.E1 ; position1.D1 ; position1.C1 ; position1.B1 ; position1.A1                             ;
+--------------+--------------+--------------+--------------+--------------+------------------------------------------+
; position1.A1 ; 0            ; 0            ; 0            ; 0            ; 0                                        ;
; position1.B1 ; 0            ; 0            ; 0            ; 1            ; 1                                        ;
; position1.C1 ; 0            ; 0            ; 1            ; 0            ; 1                                        ;
; position1.D1 ; 0            ; 1            ; 0            ; 0            ; 1                                        ;
; position1.E1 ; 1            ; 0            ; 0            ; 0            ; 1                                        ;
+--------------+--------------+--------------+--------------+--------------+------------------------------------------+


+-------------------------------------------------------------------------------------------------------+
; Registers Removed During Synthesis                                                                    ;
+----------------------------------------------------------------------------------+--------------------+
; Register name                                                                    ; Reason for Removal ;
+----------------------------------------------------------------------------------+--------------------+
; sequence_detector:sequence_detector|FSM:fsm|position2.B2 ; Lost fanout        ;
; Total Number of Removed Registers = 1                                            ;                    ;
+----------------------------------------------------------------------------------+--------------------+


+------------------------------------------------------+
; General Register Statistics                          ;
+----------------------------------------------+-------+
; Statistic                                    ; Value ;
+----------------------------------------------+-------+
; Total registers                              ; 58    ;
; Number of registers using Synchronous Clear  ; 14    ;
; Number of registers using Synchronous Load   ; 0     ;
; Number of registers using Asynchronous Clear ; 58    ;
; Number of registers using Asynchronous Load  ; 0     ;
; Number of registers using Clock Enable       ; 4     ;
; Number of registers using Preset             ; 0     ;
+----------------------------------------------+-------+


+------------------------------------------------------------------------+
; Inverted Register Statistics                                           ;
+--------------------------------------------------------------+---------+
; Inverted Register                                            ; Fan out ;
+--------------------------------------------------------------+---------+
; clock_divider:clock_divider|clk_down_counter[0]  ; 2       ;
; clock_divider:clock_divider|clk_down_counter[25] ; 2       ;
; clock_divider:clock_divider|clk_down_counter[23] ; 2       ;
; clock_divider:clock_divider|clk_down_counter[22] ; 2       ;
; clock_divider:clock_divider|clk_down_counter[21] ; 2       ;
; clock_divider:clock_divider|clk_down_counter[20] ; 2       ;
; clock_divider:clock_divider|clk_down_counter[19] ; 2       ;
; clock_divider:clock_divider|clk_down_counter[17] ; 2       ;
; clock_divider:clock_divider|clk_down_counter[15] ; 2       ;
; clock_divider:clock_divider|clk_down_counter[14] ; 2       ;
; clock_divider:clock_divider|clk_down_counter[13] ; 2       ;
; clock_divider:clock_divider|clk_down_counter[12] ; 2       ;
; clock_divider:clock_divider|clk_down_counter[6]  ; 2       ;
; clock_divider:clock_divider|clk_down_counter[5]  ; 2       ;
; clock_divider:clock_divider|clk_down_counter[4]  ; 2       ;
; clock_divider:clock_divider|clk_down_counter[3]  ; 2       ;
; clock_divider:clock_divider|clk_down_counter[2]  ; 2       ;
; clock_divider:clock_divider|clk_down_counter[1]  ; 2       ;
; Total number of inverted registers = 18                      ;         ;
+--------------------------------------------------------------+---------+


+----------------------------------------------------------------------+
; Port Connectivity Checks: "seven_segment_decoder:HEX5_seven_segment" ;
+---------+-------+----------+-----------------------------------------+
; Port    ; Type  ; Severity ; Details                                 ;
+---------+-------+----------+-----------------------------------------+
; code[3] ; Input ; Info     ; Stuck at GND                            ;
+---------+-------+----------+-----------------------------------------+


+----------------------------------------------------------------------+
; Port Connectivity Checks: "seven_segment_decoder:HEX0_seven_segment" ;
+---------+-------+----------+-----------------------------------------+
; Port    ; Type  ; Severity ; Details                                 ;
+---------+-------+----------+-----------------------------------------+
; code[3] ; Input ; Info     ; Stuck at GND                            ;
+---------+-------+----------+-----------------------------------------+


+-----------------------------------------------------------------------------+
; Port Connectivity Checks: "sequence_detector:sequence_detector" ;
+--------+-------+----------+-------------------------------------------------+
; Port   ; Type  ; Severity ; Details                                         ;
+--------+-------+----------+-------------------------------------------------+
; enable ; Input ; Info     ; Stuck at VCC                                    ;
+--------+-------+----------+-------------------------------------------------+


+---------------------------------------------------------------------+
; Port Connectivity Checks: "clock_divider:clock_divider" ;
+--------+-------+----------+-----------------------------------------+
; Port   ; Type  ; Severity ; Details                                 ;
+--------+-------+----------+-----------------------------------------+
; enable ; Input ; Info     ; Stuck at VCC                            ;
+--------+-------+----------+-----------------------------------------+


+-----------------------------------------------------+
; Post-Synthesis Netlist Statistics for Top Partition ;
+-----------------------+-----------------------------+
; Type                  ; Count                       ;
+-----------------------+-----------------------------+
; arriav_ff             ; 58                          ;
;     CLR               ; 40                          ;
;     CLR SCLR          ; 14                          ;
;     ENA CLR           ; 4                           ;
; arriav_lcell_comb     ; 100                         ;
;     arith             ; 39                          ;
;         1 data inputs ; 38                          ;
;         2 data inputs ; 1                           ;
;     normal            ; 61                          ;
;         1 data inputs ; 21                          ;
;         2 data inputs ; 8                           ;
;         3 data inputs ; 18                          ;
;         4 data inputs ; 3                           ;
;         6 data inputs ; 11                          ;
; boundary_port         ; 16                          ;
;                       ;                             ;
; Max LUT depth         ; 4.50                        ;
; Average LUT depth     ; 2.68                        ;
+-----------------------+-----------------------------+


+-------------------------------+
; Elapsed Time Per Partition    ;
+----------------+--------------+
; Partition Name ; Elapsed Time ;
+----------------+--------------+
; Top            ; 00:00:00     ;
+----------------+--------------+


+-------------------------------+
; Analysis & Synthesis Messages ;
+-------------------------------+
Info: *******************************************************************
Info: Running Quartus Prime Analysis & Synthesis
    Info: Version 15.1.0 Build 185 10/21/2015 SJ Standard Edition
    Info: Processing started: Thu Apr 13 11:19:34 2023
Info: Command: quartus_map --read_settings_files=on --write_settings_files=off vhdl4 -c vhdl4
Info (20030): Parallel compilation is enabled and will use 8 of the 8 processors detected
Info (12021): Found 2 design units, including 1 entities, in source file rca_behavioral.vhd
    Info (12022): Found design unit 1: rca_behavioral-behavioral File: P:/vhdl4/rca_behavioral.vhd Line: 10
    Info (12023): Found entity 1: rca_behavioral File: P:/vhdl4/rca_behavioral.vhd Line: 4
Info (12021): Found 2 design units, including 1 entities, in source file seven_segment_decoder.vhd
    Info (12022): Found design unit 1: seven_segment_decoder-decoder File: P:/vhdl4/seven_segment_decoder.vhd Line: 10
    Info (12023): Found entity 1: seven_segment_decoder File: P:/vhdl4/seven_segment_decoder.vhd Line: 5
Info (12021): Found 2 design units, including 1 entities, in source file bcd_behavioral.vhd
    Info (12022): Found design unit 1: bcd_behavioral-BEHAVIORAL File: P:/vhdl4/bcd_behavioral.vhd Line: 14
    Info (12023): Found entity 1: bcd_behavioral File: P:/vhdl4/bcd_behavioral.vhd Line: 7
Info (12021): Found 2 design units, including 1 entities, in source file comparator.vhd
    Info (12022): Found design unit 1: comparator-Structural File: P:/vhdl4/comparator.vhd Line: 17
    Info (12023): Found entity 1: comparator File: P:/vhdl4/comparator.vhd Line: 6
Info (12021): Found 2 design units, including 1 entities, in source file jkff.vhd
    Info (12022): Found design unit 1: jkff-behavioral File: P:/vhdl4/jkff.vhd Line: 13
    Info (12023): Found entity 1: jkff File: P:/vhdl4/jkff.vhd Line: 5
Info (12021): Found 2 design units, including 1 entities, in source file counter.vhd
    Info (12022): Found design unit 1: counter-behavioral File: P:/vhdl4/counter.vhd Line: 13
    Info (12023): Found entity 1: counter File: P:/vhdl4/counter.vhd Line: 6
Info (12021): Found 2 design units, including 1 entities, in source file clock_divider.vhd
    Info (12022): Found design unit 1: clock_divider-behavioral File: P:/vhdl4/clock_divider.vhd Line: 11
    Info (12023): Found entity 1: clock_divider File: P:/vhdl4/clock_divider.vhd Line: 6
Info (12021): Found 2 design units, including 1 entities, in source file fsm.vhd
    Info (12022): Found design unit 1: FSM-behavioral File: P:/vhdl4/FSM.vhd Line: 9
    Info (12023): Found entity 1: FSM File: P:/vhdl4/FSM.vhd Line: 4
Info (12021): Found 2 design units, including 1 entities, in source file sequence_detector.vhd
    Info (12022): Found design unit 1: sequence_detector-behavioral File: P:/vhdl4/sequence_detector.vhd Line: 10
    Info (12023): Found entity 1: sequence_detector File: P:/vhdl4/sequence_detector.vhd Line: 5
Info (12021): Found 2 design units, including 1 entities, in source file rom.vhd
    Info (12022): Found design unit 1: ROM-arch File: P:/vhdl4/ROM.vhd Line: 13
    Info (12023): Found entity 1: ROM File: P:/vhdl4/ROM.vhd Line: 5
Info (12021): Found 2 design units, including 1 entities, in source file wrapper2.vhd
    Info (12022): Found design unit 1: wrapper2-behavioral File: P:/vhdl4/wrapper2.vhd Line: 9
    Info (12023): Found entity 1: wrapper2 File: P:/vhdl4/wrapper2.vhd Line: 4
Info (12021): Found 2 design units, including 1 entities, in source file wrapper_vhdl6.vhd
    Info (12022): Found design unit 1: wrapper_VHDL6-behavioral File: P:/vhdl4/wrapper_VHDL6.vhd Line: 10
    Info (12023): Found entity 1: wrapper_VHDL6 File: P:/vhdl4/wrapper_VHDL6.vhd Line: 5
Info (12127): Elaborating entity "wrapper2" for the top level hierarchy
Info (12128): Elaborating entity "clock_divider" for hierarchy "clock_divider:clock_divider" File: P:/vhdl4/wrapper2.vhd Line: 40
Warning (10540): VHDL Signal Declaration warning at clock_divider.vhd(13): used explicit default value for signal "clk_cycles" because signal was never assigned a value File: P:/vhdl4/clock_divider.vhd Line: 13
Warning (10492): VHDL Process Statement warning at clock_divider.vhd(22): signal "clk_cycles" is read inside the Process Statement but isn't in the Process Statement's sensitivity list File: P:/vhdl4/clock_divider.vhd Line: 22
Info (12128): Elaborating entity "ROM" for hierarchy "ROM:rom_component" File: P:/vhdl4/wrapper2.vhd Line: 41
Warning (10540): VHDL Signal Declaration warning at ROM.vhd(18): used explicit default value for signal "sevenSegment_ROM" because signal was never assigned a value File: P:/vhdl4/ROM.vhd Line: 18
Info (12128): Elaborating entity "sequence_detector" for hierarchy "sequence_detector:sequence_detector" File: P:/vhdl4/wrapper2.vhd Line: 42
Info (12128): Elaborating entity "FSM" for hierarchy "sequence_detector:sequence_detector|FSM:fsm" File: P:/vhdl4/sequence_detector.vhd Line: 25
Info (12128): Elaborating entity "counter" for hierarchy "sequence_detector:sequence_detector|counter:sequence_counter1" File: P:/vhdl4/sequence_detector.vhd Line: 26
Warning (10492): VHDL Process Statement warning at counter.vhd(30): signal "internal_temporary_signal" is read inside the Process Statement but isn't in the Process Statement's sensitivity list File: P:/vhdl4/counter.vhd Line: 30
Info (12128): Elaborating entity "seven_segment_decoder" for hierarchy "seven_segment_decoder:HEX0_seven_segment" File: P:/vhdl4/wrapper2.vhd Line: 45
Info (286030): Timing-Driven Synthesis is running
Info (17049): 1 registers lost all their fanouts during netlist optimizations.
Info (16010): Generating hard_block partition "hard_block:auto_generated_inst"
    Info (16011): Adding 0 node(s), including 0 DDIO, 0 PLL, 0 transceiver and 0 LCELL
Info (21057): Implemented 118 device resources after synthesis - the final resource count might be different
    Info (21058): Implemented 2 input pins
    Info (21059): Implemented 14 output pins
    Info (21061): Implemented 102 logic cells
Info: Quartus Prime Analysis & Synthesis was successful. 0 errors, 4 warnings
    Info: Peak virtual memory: 5089 megabytes
    Info: Processing ended: Thu Apr 13 11:20:00 2023
    Info: Elapsed time: 00:00:26
    Info: Total CPU time (on all processors): 00:00:17


